c:\users\derek\source\repos\smallworld\smallworld\debug\vc141.pdb
c:\users\derek\source\repos\smallworld\smallworld\debug\vc141.idb
c:\users\derek\source\repos\smallworld\smallworld\debug\enummapper.obj
c:\users\derek\source\repos\smallworld\smallworld\debug\map.obj
c:\users\derek\source\repos\smallworld\smallworld\debug\maploader.obj
c:\users\derek\source\repos\smallworld\smallworld\debug\region.obj
c:\users\derek\source\repos\smallworld\smallworld\debug\smallworld.obj
c:\users\derek\source\repos\smallworld\smallworld\debug\reinforcementsdie.obj
c:\users\derek\source\repos\smallworld\smallworld\debug\badge.obj
c:\users\derek\source\repos\smallworld\smallworld\debug\deck.obj
c:\users\derek\source\repos\smallworld\smallworld\debug\gamepiece.obj
c:\users\derek\source\repos\smallworld\smallworld\debug\player.obj
c:\users\derek\source\repos\smallworld\smallworld\debug\racebanner.obj
c:\users\derek\source\repos\smallworld\smallworld\debug\victorycoin.obj
c:\users\derek\source\repos\smallworld\debug\smallworld.exe
c:\users\derek\source\repos\smallworld\debug\smallworld.ilk
c:\users\derek\source\repos\smallworld\debug\smallworld.pdb
c:\users\derek\source\repos\smallworld\smallworld\debug\smallworld.tlog\cl.command.1.tlog
c:\users\derek\source\repos\smallworld\smallworld\debug\smallworld.tlog\cl.read.1.tlog
c:\users\derek\source\repos\smallworld\smallworld\debug\smallworld.tlog\cl.write.1.tlog
c:\users\derek\source\repos\smallworld\smallworld\debug\smallworld.tlog\link.command.1.tlog
c:\users\derek\source\repos\smallworld\smallworld\debug\smallworld.tlog\link.read.1.tlog
c:\users\derek\source\repos\smallworld\smallworld\debug\smallworld.tlog\link.write.1.tlog
